 
****************************************
Report : timing
        -path full
        -delay max
        -max_paths 1
Design : top
Version: T-2022.03
Date   : Mon Sep 19 10:27:50 2022
****************************************

Operating Conditions: WCCOM   Library: fsa0m_a_generic_core_ss1p62v125c
Wire Load Model Mode: enclosed

  Startpoint: ID/rs1_addr_reg_1_
              (rising edge-triggered flip-flop clocked by clk)
  Endpoint: IF/ProgramCounter/pc_out_reg_31_
            (rising edge-triggered flip-flop clocked by clk)
  Path Group: clk
  Path Type: max

  Des/Clust/Port     Wire Load Model       Library
  ------------------------------------------------
  top                enG1000K              fsa0m_a_generic_core_ss1p62v125c
  FORWARD            enG5K                 fsa0m_a_generic_core_ss1p62v125c
  EXE                enG10K                fsa0m_a_generic_core_ss1p62v125c
  ALU                enG5K                 fsa0m_a_generic_core_ss1p62v125c
  ALU_DW01_sub_0_DW01_sub_1
                     enG5K                 fsa0m_a_generic_core_ss1p62v125c
  IF                 enG5K                 fsa0m_a_generic_core_ss1p62v125c
  ProgramCounter     enG5K                 fsa0m_a_generic_core_ss1p62v125c

  Point                                                   Incr       Path
  --------------------------------------------------------------------------
  clock clk (rise edge)                                   0.00       0.00
  clock network delay (ideal)                             1.00       1.00
  ID/rs1_addr_reg_1_/CK (QDFFRBN)                         0.00       1.00 r
  ID/rs1_addr_reg_1_/Q (QDFFRBN)                          0.79       1.79 r
  ID/rs1_addr[1] (ID)                                     0.00       1.79 r
  FORWARD/rs1_addr[1] (FORWARD)                           0.00       1.79 r
  FORWARD/U7/O (XOR2H)                                    0.18       1.97 f
  FORWARD/U34/O (NR2)                                     0.16       2.13 r
  FORWARD/U17/O (AN3T)                                    0.55       2.68 r
  FORWARD/U16/O (NR2F)                                    0.23       2.91 f
  FORWARD/Forward1[1] (FORWARD)                           0.00       2.91 f
  EXE/Forward1[1] (EXE)                                   0.00       2.91 f
  EXE/U139/O (XNR2HS)                                     0.21       3.12 f
  EXE/U26/O (BUF1CK)                                      0.16       3.28 f
  EXE/U39/O (BUF1)                                        0.34       3.61 f
  EXE/U13/O (AO222)                                       0.46       4.07 f
  EXE/ALU/in1[1] (ALU)                                    0.00       4.07 f
  EXE/ALU/U10/O (BUF2)                                    0.32       4.39 f
  EXE/ALU/sub_20/A[1] (ALU_DW01_sub_0_DW01_sub_1)         0.00       4.39 f
  EXE/ALU/sub_20/U2_1/CO (FA1S)                           0.56       4.94 f
  EXE/ALU/sub_20/U2_2/CO (FA1S)                           0.49       5.44 f
  EXE/ALU/sub_20/U2_3/CO (FA1S)                           0.49       5.93 f
  EXE/ALU/sub_20/U2_4/CO (FA1S)                           0.49       6.43 f
  EXE/ALU/sub_20/U2_5/CO (FA1S)                           0.49       6.92 f
  EXE/ALU/sub_20/U2_6/CO (FA1S)                           0.49       7.41 f
  EXE/ALU/sub_20/U2_7/CO (FA1S)                           0.49       7.91 f
  EXE/ALU/sub_20/U2_8/CO (FA1S)                           0.49       8.40 f
  EXE/ALU/sub_20/U2_9/CO (FA1S)                           0.49       8.90 f
  EXE/ALU/sub_20/U2_10/CO (FA1S)                          0.49       9.39 f
  EXE/ALU/sub_20/U2_11/CO (FA1S)                          0.49       9.89 f
  EXE/ALU/sub_20/U2_12/CO (FA1S)                          0.49      10.38 f
  EXE/ALU/sub_20/U2_13/CO (FA1S)                          0.49      10.88 f
  EXE/ALU/sub_20/U2_14/CO (FA1S)                          0.49      11.37 f
  EXE/ALU/sub_20/U2_15/CO (FA1S)                          0.49      11.87 f
  EXE/ALU/sub_20/U2_16/CO (FA1S)                          0.49      12.36 f
  EXE/ALU/sub_20/U2_17/CO (FA1S)                          0.49      12.86 f
  EXE/ALU/sub_20/U2_18/CO (FA1S)                          0.49      13.35 f
  EXE/ALU/sub_20/U2_19/CO (FA1S)                          0.49      13.85 f
  EXE/ALU/sub_20/U2_20/CO (FA1S)                          0.49      14.34 f
  EXE/ALU/sub_20/U2_21/CO (FA1S)                          0.49      14.83 f
  EXE/ALU/sub_20/U2_22/CO (FA1S)                          0.49      15.33 f
  EXE/ALU/sub_20/U2_23/CO (FA1S)                          0.49      15.82 f
  EXE/ALU/sub_20/U2_24/CO (FA1S)                          0.49      16.32 f
  EXE/ALU/sub_20/U2_25/CO (FA1S)                          0.49      16.81 f
  EXE/ALU/sub_20/U2_26/CO (FA1S)                          0.49      17.31 f
  EXE/ALU/sub_20/U2_27/CO (FA1S)                          0.49      17.80 f
  EXE/ALU/sub_20/U2_28/CO (FA1S)                          0.49      18.30 f
  EXE/ALU/sub_20/U2_29/CO (FA1S)                          0.50      18.79 f
  EXE/ALU/sub_20/U2_30/CO (FA1S)                          0.46      19.25 f
  EXE/ALU/sub_20/U2/O (XNR3)                              0.35      19.61 f
  EXE/ALU/sub_20/DIFF[31] (ALU_DW01_sub_0_DW01_sub_1)     0.00      19.61 f
  EXE/ALU/U33/O (ND2P)                                    0.12      19.73 r
  EXE/ALU/U34/O (ND3P)                                    0.16      19.89 f
  EXE/ALU/U50/O (NR3HT)                                   0.22      20.11 r
  EXE/ALU/U35/O (INV6)                                    0.11      20.22 f
  EXE/ALU/ALUout[31] (ALU)                                0.00      20.22 f
  EXE/pc_immrs[31] (EXE)                                  0.00      20.22 f
  IF/pc_immrs1[31] (IF)                                   0.00      20.22 f
  IF/U11/O (AO222)                                        0.31      20.53 f
  IF/ProgramCounter/pc_in[31] (ProgramCounter)            0.00      20.53 f
  IF/ProgramCounter/U8/O (MOAI1)                          0.25      20.78 f
  IF/ProgramCounter/pc_out_reg_31_/D (QDFFRBN)            0.00      20.78 f
  data arrival time                                                 20.78

  clock clk (rise edge)                                  20.00      20.00
  clock network delay (ideal)                             1.00      21.00
  clock uncertainty                                      -0.10      20.90
  IF/ProgramCounter/pc_out_reg_31_/CK (QDFFRBN)           0.00      20.90 r
  library setup time                                     -0.12      20.78
  data required time                                                20.78
  --------------------------------------------------------------------------
  data required time                                                20.78
  data arrival time                                                -20.78
  --------------------------------------------------------------------------
  slack (MET)                                                        0.00


1
