 
****************************************
Report : area
Design : top
Version: O-2018.06
Date   : Thu Dec 22 21:37:36 2022
****************************************

Library(s) Used:

    fsa0m_a_generic_core_ss1p62v125c (File: /usr/cad/CBDK/CBDK018_UMC_Faraday_v1.0/orig_lib/fsa0m_a/2009Q2v2.0/GENERIC_CORE/FrontEnd/synopsys/fsa0m_a_generic_core_ss1p62v125c.db)
    SRAM_WC (File: /home/user2/Vsd22/Vsd22113/Desktop/HW4_4/sim/SRAM/SRAM_WC.db)
    tag_array_WC (File: /home/user2/Vsd22/Vsd22113/Desktop/HW4_4/sim/tag_array/tag_array_WC.db)
    data_array_WC (File: /home/user2/Vsd22/Vsd22113/Desktop/HW4_4/sim/data_array/data_array_WC.db)

Number of ports:                        10181
Number of nets:                         33562
Number of cells:                        23802
Number of combinational cells:          18892
Number of sequential cells:              4847
Number of macros/black boxes:               6
Number of buf/inv:                       6166
Number of references:                      16

Combinational area:             314689.233553
Buf/Inv area:                    65183.327336
Noncombinational area:          273873.098248
Macro/Black Box area:          6059206.679688
Net Interconnect area:      undefined  (Wire load has zero net area)

Total cell area:               6647769.011488
Total area:                 undefined
1
