Warning: Design 'top' has '4' unresolved references. For more detailed information, use the "link" command. (UID-341)
 
****************************************
Report : area
Design : top
Version: T-2022.03
Date   : Sat Nov 26 16:15:08 2022
****************************************

Library(s) Used:

    fsa0m_a_generic_core_ss1p62v125c (File: /usr/cad/CBDK/CBDK018_UMC_Faraday_v1.0/orig_lib/fsa0m_a/2009Q2v2.0/GENERIC_CORE/FrontEnd/synopsys/fsa0m_a_generic_core_ss1p62v125c.db)
    SRAM_WC (File: /home/charlie/VSD/HW3/sim/SRAM/SRAM_WC.db)

Number of ports:                         8449
Number of nets:                         21539
Number of cells:                        13290
Number of combinational cells:          11136
Number of sequential cells:              2102
Number of macros/black boxes:               2
Number of buf/inv:                       3468
Number of references:                      11

Combinational area:             188184.830263
Buf/Inv area:                    36038.318028
Noncombinational area:          124601.401161
Macro/Black Box area:          5344494.500000
Net Interconnect area:      undefined  (Wire load has zero net area)

Total cell area:               5657280.731424
Total area:                 undefined

Information: This design contains black box (unknown) components. (RPT-8)
1
