################################################################################
#
# This file has been generated by SpyGlass:
#     Report Created by: Vsd22113
#     Report Created on: Thu Dec 22 22:07:01 2022
#     Working Directory: /home/user2/Vsd22/Vsd22113/Desktop/HW4_4/build
#     Report Location  : ./spyglass-1/cdc/cdc_setup_check/spyglass_reports/SpyGlass/checksum.rpt
#     SpyGlass Version : SpyGlass_vQ-2020.03
#     Policy Name      : SpyGlass(SpyGlass_vQ-2020.03)
#     Comment          : This report contains md5sum of design file(s)
#
################################################################################

=====================================================================================
                         MD5SUM CHECKSUM OF DESIGN FILES 
=====================================================================================
MD5SUM CHECKSUM                   SOURCE              PATH OF DESIGN FILE       
-------------------------------------------------------------------------------------
d7dec2256efe2c008feb6b6de338e8f1  1      /home/user2/Vsd22/Vsd22113/Desktop/HW4_4/src/top.sv  
5c2dc7321961d095dffcd54c016cb3e6  1      /home/user2/Vsd22/Vsd22113/Desktop/HW4_4/src/CPU_wrapper.sv  
eb2d6e2e7980f115c0a26a4fa9452f1a  1      /home/user2/Vsd22/Vsd22113/Desktop/HW4_4/src/CPU.sv  
1596c723553d173250db98ac79055d86  1      /home/user2/Vsd22/Vsd22113/Desktop/HW4_4/src/IF.sv  
941e51b3fd6f4f4e2e12f492b686f936  1      /home/user2/Vsd22/Vsd22113/Desktop/HW4_4/src/ProgramCounter.sv  
e52c9bd742a8f0425d890b3ab2fa9a47  1      /home/user2/Vsd22/Vsd22113/Desktop/HW4_4/src/ID.sv  
9a50c6d7a38b7616908baa3df95ae044  1      /home/user2/Vsd22/Vsd22113/Desktop/HW4_4/src/ControlUnit.sv  
3422047e9e1d65596b3c5f4f6533b16c  1      /home/user2/Vsd22/Vsd22113/Desktop/HW4_4/src/RegisterFile.sv  
495242dfd430c7aef0e1bbd398045f8e  1      /home/user2/Vsd22/Vsd22113/Desktop/HW4_4/src/ImmediateGenerator.sv  
88f27330f380f7e23954226c0fe06c5b  1      /home/user2/Vsd22/Vsd22113/Desktop/HW4_4/src/EXE.sv  
9b4304cda7e975bed963514b38207ca8  1      /home/user2/Vsd22/Vsd22113/Desktop/HW4_4/src/ALUCtrl.sv  
73e83834a87e9309377a94c00e00f3bc  1      /home/user2/Vsd22/Vsd22113/Desktop/HW4_4/src/ALU.sv  
ec02df034fe2f00531d4a21b8e62d903  1      /home/user2/Vsd22/Vsd22113/Desktop/HW4_4/src/Csr.sv  
d33dd3706a94a1da32d51c2717e5b074  1      /home/user2/Vsd22/Vsd22113/Desktop/HW4_4/src/MEM.sv  
86108c99f5804ceee3502cc25fa19bfe  1      /home/user2/Vsd22/Vsd22113/Desktop/HW4_4/src/WB.sv  
805cf87cd8e422b8672165164357ea50  1      /home/user2/Vsd22/Vsd22113/Desktop/HW4_4/src/ForwardUnit.sv  
d52efacb1d6c29c59723fbed47e84987  1      /home/user2/Vsd22/Vsd22113/Desktop/HW4_4/src/BranchCtrl.sv  
b169c1d5e7bf31e6f0ab6ecc16ad7d44  1      /home/user2/Vsd22/Vsd22113/Desktop/HW4_4/src/HazardCtrl.sv  
9d2adcb556fc9e5da3680eb71c85c918  1      /home/user2/Vsd22/Vsd22113/Desktop/HW4_4/src/Master.sv  
299029c7802ffcf95beebff7992e670a  1      /home/user2/Vsd22/Vsd22113/Desktop/HW4_4/src/L1C_inst.sv  
e0bdb656f6ae2be5a1cb248e616ceb72  1      /home/user2/Vsd22/Vsd22113/Desktop/HW4_4/src/data_array_wrapper.sv  
c9a7636b9fbcb106a93d5b063908d0fe  1      /home/user2/Vsd22/Vsd22113/Desktop/HW4_4/src/tag_array_wrapper.sv  
d39a7536b365c44340f618303126aaab  1      /home/user2/Vsd22/Vsd22113/Desktop/HW4_4/src/L1C_data.sv  
9ad4795504eb3f592b0a6064e312be70  1      /home/user2/Vsd22/Vsd22113/Desktop/HW4_4/src/AXI/AXI.sv  
1a3fcc0813454d0810d3d571b4d5cc7f  1      /home/user2/Vsd22/Vsd22113/Desktop/HW4_4/src/AXI/Arbiter.sv  
68aeb8895f1d549ea75938f305cfb8b7  1      /home/user2/Vsd22/Vsd22113/Desktop/HW4_4/src/AXI/Decoder.sv  
ba14b55cb30aadb3acfcc01ad079e936  1      /home/user2/Vsd22/Vsd22113/Desktop/HW4_4/src/AXI/DefaultSlave.sv  
0cf3899e5ee574a9451f63b985e853bb  1      /home/user2/Vsd22/Vsd22113/Desktop/HW4_4/src/AXI/ReadAddr.sv  
784b6bb6022d960a09565595ad4f7a80  1      /home/user2/Vsd22/Vsd22113/Desktop/HW4_4/src/AXI/ReadData.sv  
d545025fe3b57f57754e88e81b22286e  1      /home/user2/Vsd22/Vsd22113/Desktop/HW4_4/src/AXI/WriteAddr.sv  
7d5a6ea3ba6d2de34695d94a370cf6ab  1      /home/user2/Vsd22/Vsd22113/Desktop/HW4_4/src/AXI/WriteData.sv  
cc6620801c4cc43c54532c6737e24786  1      /home/user2/Vsd22/Vsd22113/Desktop/HW4_4/src/AXI/WriteRespon.sv  
96080b046bd04a2d61dbc4834da6b7c6  1      /home/user2/Vsd22/Vsd22113/Desktop/HW4_4/src/SRAM_wrapper.sv  
52a02ba4e3aff729a60b8e8cb0189c2e  1      /home/user2/Vsd22/Vsd22113/Desktop/HW4_4/src/DRAM_wrapper.sv  
1a105b62a965c524b2d010d2f1cea773  1      /home/user2/Vsd22/Vsd22113/Desktop/HW4_4/src/ROM_wrapper.sv  
4c69c152cc5f23ccefa9577e8c37f8b3  1      /home/user2/Vsd22/Vsd22113/Desktop/HW4_4/src/WDT_wrapper.sv  
139e2b5226d4fb84ff6907edaa7640dd  1      /home/user2/Vsd22/Vsd22113/Desktop/HW4_4/src/WDT.sv  
9485eae0f44dbaee5be9e15df4327e4b  1      /home/user2/Vsd22/Vsd22113/Desktop/HW4_4/src/sensor_wrapper.sv  
121796cc4f0fc7ed4619b21b85d62c30  1      /home/user2/Vsd22/Vsd22113/Desktop/HW4_4/src/sensor_ctrl.sv  
